2022-04-10T00:11:02.339Z - info: Website generation started at 8:11:02 am
2022-04-10T00:11:02.892Z - info: Building assets...
2022-04-10T00:11:03.556Z - info: Assets built
2022-04-10T00:11:03.557Z - info: Generating pages...
2022-04-10T00:11:04.213Z - warn: You might have an invalid intra-link! Ignore this warning if it was intended.
'/test-md/node_modules/lodash/mailto:git@github.com' found in file 'C:\Users\User\Documents\GitHub\test-md\node_modules\lodash\release.md'
2022-04-10T00:11:04.216Z - info: Pages built
2022-04-10T00:11:04.349Z - info: Site data built
2022-04-10T00:11:04.350Z - info: Website generation complete! Total build time: 2.029s
2022-04-10T00:11:04.373Z - info: Serving "C:\Users\User\Documents\GitHub\test-md\_site" at http://127.0.0.1:8080
2022-04-10T00:11:04.373Z - info: Press CTRL+C to stop ...
2022-04-10T00:12:12.095Z - info: versions.json file updated
2022-04-10T00:12:12.379Z - info: Building assets...
2022-04-10T00:12:12.980Z - info: Assets built
2022-04-10T00:12:12.981Z - info: Generating pages...
2022-04-10T00:12:13.562Z - warn: You might have an invalid intra-link! Ignore this warning if it was intended.
'/test-md/version/v0.1.1/node_modules/lodash/mailto:git@github.com' found in file 'C:\Users\User\Documents\GitHub\test-md\node_modules\lodash\release.md'
2022-04-10T00:12:13.564Z - info: Pages built
2022-04-10T00:12:13.684Z - info: Site data built
2022-04-10T00:12:13.685Z - info: Successfully archived v0.1.1 at version/v0.1.1
2022-04-10T00:12:19.609Z - info: Website generation started at 8:12:19 am
2022-04-10T00:12:19.952Z - info: Building assets...
2022-04-10T00:12:21.167Z - info: Assets built
2022-04-10T00:12:21.168Z - info: Generating pages...
2022-04-10T00:12:21.737Z - warn: You might have an invalid intra-link! Ignore this warning if it was intended.
'/test-md/node_modules/lodash/mailto:git@github.com' found in file 'C:\Users\User\Documents\GitHub\test-md\node_modules\lodash\release.md'
2022-04-10T00:12:21.738Z - info: Pages built
2022-04-10T00:12:21.862Z - info: Site data built
2022-04-10T00:12:21.862Z - info: Website generation complete! Total build time: 2.516s
2022-04-10T00:12:21.885Z - info: Serving "C:\Users\User\Documents\GitHub\test-md\_site" at http://127.0.0.1:8080
2022-04-10T00:12:21.885Z - info: Press CTRL+C to stop ...
2022-04-10T00:14:21.925Z - error: Please specify a name for the archived version.
2022-04-10T00:14:21.940Z - error: uncaughtException: The "path" argument must be of type string. Received undefined date=Sun Apr 10 2022 08:14:21 GMT+0800 (Singapore Standard Time), pid=24780, uid=null, gid=null, cwd=C:\Users\User\Documents\GitHub\test-md, execPath=C:\Program Files\nodejs\node.exe, version=v14.15.1, argv=[C:\Program Files\nodejs\node.exe, C:\Users\User\AppData\Roaming\npm\node_modules\markbind-cli\index.js, archive], rss=80216064, heapTotal=63668224, heapUsed=38122320, external=1897086, arrayBuffers=373708, loadavg=[0, 0, 0], uptime=2199180
TypeError [ERR_INVALID_ARG_TYPE]: The "path" argument must be of type string. Received undefined
    at validateString (internal/validators.js:124:11)
    at Object.join (path.js:375:7)
    at Command.<anonymous> (C:\Users\User\Documents\GitHub\markbind\packages\cli\index.js:332:31)
    at Command.listener [as _actionHandler] (C:\Users\User\Documents\GitHub\markbind\node_modules\commander\lib\command.js:488:17)
    at C:\Users\User\Documents\GitHub\markbind\node_modules\commander\lib\command.js:1227:65
    at Command._chainOrCall (C:\Users\User\Documents\GitHub\markbind\node_modules\commander\lib\command.js:1144:12)
    at Command._parseCommand (C:\Users\User\Documents\GitHub\markbind\node_modules\commander\lib\command.js:1227:27)
    at Command._dispatchSubcommand (C:\Users\User\Documents\GitHub\markbind\node_modules\commander\lib\command.js:1050:25)
    at Command._parseCommand (C:\Users\User\Documents\GitHub\markbind\node_modules\commander\lib\command.js:1193:19)
    at Command.parse (C:\Users\User\Documents\GitHub\markbind\node_modules\commander\lib\command.js:897:10)
    at Object.<anonymous> (C:\Users\User\Documents\GitHub\markbind\packages\cli\index.js:359:9)
    at Module._compile (internal/modules/cjs/loader.js:1063:30)
    at Object.Module._extensions..js (internal/modules/cjs/loader.js:1092:10)
    at Module.load (internal/modules/cjs/loader.js:928:32)
    at Function.Module._load (internal/modules/cjs/loader.js:769:14)
    at Function.executeUserEntryPoint [as runMain] (internal/modules/run_main.js:72:12)
2022-04-10T00:15:07.488Z - info: versions.json file updated
2022-04-10T00:15:07.911Z - info: Building assets...
2022-04-10T00:15:08.707Z - info: Assets built
2022-04-10T00:15:08.708Z - info: Generating pages...
2022-04-10T00:15:09.431Z - warn: You might have an invalid intra-link! Ignore this warning if it was intended.
'/test-md/v2/v1.2.2/node_modules/lodash/mailto:git@github.com' found in file 'C:\Users\User\Documents\GitHub\test-md\node_modules\lodash\release.md'
2022-04-10T00:15:09.433Z - info: Pages built
2022-04-10T00:15:09.557Z - info: Site data built
2022-04-10T00:15:09.557Z - info: Successfully archived v1.2.2 at v2/v1.2.2
2022-04-10T00:15:42.626Z - info: Website generation started at 8:15:42 am
2022-04-10T00:15:43.030Z - info: Building assets...
2022-04-10T00:15:44.697Z - info: Assets built
2022-04-10T00:15:44.698Z - info: Generating pages...
2022-04-10T00:15:45.228Z - warn: You might have an invalid intra-link! Ignore this warning if it was intended.
'/test-md/node_modules/lodash/mailto:git@github.com' found in file 'C:\Users\User\Documents\GitHub\test-md\node_modules\lodash\release.md'
2022-04-10T00:15:45.229Z - info: Pages built
2022-04-10T00:15:45.348Z - info: Site data built
2022-04-10T00:15:45.349Z - info: Website generation complete! Total build time: 3.167s
2022-04-10T00:15:45.368Z - info: Serving "C:\Users\User\Documents\GitHub\test-md\_site" at http://127.0.0.1:8080
2022-04-10T00:15:45.368Z - info: Press CTRL+C to stop ...
