2022-03-09T13:32:34.126Z - info: Website generation started at 9:32:34 pm
2022-03-09T13:32:34.247Z - info: Building assets...
2022-03-09T13:32:34.301Z - info: Assets built
2022-03-09T13:32:34.302Z - info: Generating pages...
2022-03-09T13:32:34.521Z - info: Pages built
2022-03-09T13:32:34.690Z - info: Site data built
2022-03-09T13:32:34.691Z - info: Website generation complete! Total build time: 0.68s
2022-03-09T13:32:34.711Z - info: Serving "C:\Users\User\Documents\GitHub\test-md\_site" at http://127.0.0.1:8080
2022-03-09T13:32:34.712Z - info: Press CTRL+C to stop ...
2022-03-09T13:32:41.536Z - info: [9:32:41 pm] Reload for file change: C:\Users\User\Documents\GitHub\test-md\index.md
2022-03-09T13:32:42.545Z - info: Rebuilding 1 pages
2022-03-09T13:32:42.589Z - info: Site data built
2022-03-09T13:32:42.589Z - info: Pages rebuilt
2022-03-09T13:32:42.590Z - info: Website regeneration complete! Total build time: 0.045s
2022-03-09T13:32:52.982Z - info: [9:32:52 pm] Reload for file change: C:\Users\User\Documents\GitHub\test-md\index.md
2022-03-09T13:32:53.993Z - info: Rebuilding 1 pages
2022-03-09T13:32:54.038Z - info: Site data built
2022-03-09T13:32:54.038Z - info: Pages rebuilt
2022-03-09T13:32:54.038Z - info: Website regeneration complete! Total build time: 0.046s
2022-03-09T13:33:06.777Z - info: [9:33:06 pm] Reload for file change: C:\Users\User\Documents\GitHub\test-md\index.md
2022-03-09T13:33:07.780Z - info: Rebuilding 1 pages
2022-03-09T13:33:07.808Z - info: Site data built
2022-03-09T13:33:07.808Z - info: Pages rebuilt
2022-03-09T13:33:07.808Z - info: Website regeneration complete! Total build time: 0.029s
2022-03-09T15:51:58.655Z - info: Website generation started at 11:51:58 pm
2022-03-09T15:51:58.756Z - info: Building assets...
2022-03-09T15:51:58.830Z - info: Assets built
2022-03-09T15:51:58.830Z - info: Generating pages...
2022-03-09T15:51:59.045Z - info: Pages built
2022-03-09T15:51:59.160Z - info: Site data built
2022-03-09T15:51:59.160Z - info: Website generation complete! Total build time: 0.556s
2022-03-09T15:51:59.179Z - info: Serving "C:\Users\User\Documents\GitHub\test-md\_site" at http://127.0.0.1:8080
2022-03-09T15:51:59.179Z - info: Press CTRL+C to stop ...
