2022-03-09T16:13:35.323Z - info: Website generation started at 12:13:35 am
2022-03-09T16:13:35.418Z - info: Building assets...
2022-03-09T16:13:35.475Z - info: Assets built
2022-03-09T16:13:35.476Z - info: Generating pages...
2022-03-09T16:13:35.720Z - info: Pages built
2022-03-09T16:13:35.822Z - info: Site data built
2022-03-09T16:13:35.822Z - info: Website generation complete! Total build time: 0.545s
2022-03-09T16:13:35.842Z - info: Serving "C:\Users\User\Documents\GitHub\test-md\_site" at http://127.0.0.1:8080
2022-03-09T16:13:35.842Z - info: Press CTRL+C to stop ...
2022-03-09T16:13:50.076Z - info: Changes detected in MarkBind Vue Source Files: 
Bundle is regenerated by webpack and built pages are re-rendered with the latest bundle.
2022-03-09T16:13:50.456Z - info: Website generation started at 12:13:50 am
2022-03-09T16:13:50.535Z - info: Building assets...
2022-03-09T16:13:50.856Z - info: Assets built
2022-03-09T16:13:50.856Z - info: Generating pages...
2022-03-09T16:13:51.126Z - info: Pages built
2022-03-09T16:13:53.169Z - info: Site data built
2022-03-09T16:13:53.170Z - info: Website generation complete! Total build time: 2.754s
2022-03-09T16:13:53.188Z - info: Serving "C:\Users\User\Documents\GitHub\test-md\_site" at http://127.0.0.1:8080
2022-03-09T16:13:53.189Z - info: Press CTRL+C to stop ...
2022-03-09T23:57:41.266Z - info: Website generation started at 7:57:41 am
2022-03-09T23:57:41.375Z - info: Building assets...
2022-03-09T23:57:41.429Z - info: Assets built
2022-03-09T23:57:41.429Z - info: Generating pages...
2022-03-09T23:57:41.654Z - info: Pages built
2022-03-09T23:57:41.834Z - info: Site data built
2022-03-09T23:57:41.835Z - info: Website generation complete! Total build time: 0.673s
2022-03-09T23:57:41.856Z - info: Serving "C:\Users\User\Documents\GitHub\test-md\_site" at http://127.0.0.1:8080
2022-03-09T23:57:41.856Z - info: Press CTRL+C to stop ...
