2022-03-07T16:01:21.858Z - info: Website generation started at 12:01:21 am
2022-03-07T16:01:21.965Z - info: Building assets...
2022-03-07T16:01:22.022Z - info: Assets built
2022-03-07T16:01:22.022Z - info: Generating pages...
2022-03-07T16:01:22.264Z - info: Pages built
2022-03-07T16:01:22.382Z - info: Site data built
2022-03-07T16:01:22.383Z - info: Website generation complete! Total build time: 0.581s
2022-03-07T16:01:22.403Z - info: Serving "C:\Users\User\Documents\GitHub\test-md\_site" at http://127.0.0.1:8080
2022-03-07T16:01:22.404Z - info: Press CTRL+C to stop ...
2022-03-07T16:01:55.185Z - info: Changes detected in MarkBind Vue Source Files: 
Bundle is regenerated by webpack and built pages are re-rendered with the latest bundle.
2022-03-07T16:01:55.587Z - info: Website generation (lazy) started at 12:01:55 am
2022-03-07T16:01:55.775Z - info: Building assets...
2022-03-07T16:01:56.362Z - info: Assets built
2022-03-07T16:01:56.364Z - info: Generating landing page...
2022-03-07T16:01:56.678Z - info: Landing page built, other pages will be built as you navigate to them!
2022-03-07T16:01:59.098Z - info: Site data built
2022-03-07T16:01:59.099Z - info: Website generation (lazy) complete! Total build time: 3.574s
2022-03-07T16:01:59.127Z - info: Serving "C:\Users\User\Documents\GitHub\test-md\_site" at http://127.0.0.1:8080
2022-03-07T16:01:59.128Z - info: Press CTRL+C to stop ...
2022-03-07T16:02:03.716Z - info: [12:02:03 am] Reload for file change: C:\Users\User\Documents\GitHub\test-md\index.md
2022-03-07T16:02:03.717Z - info: Synchronizing opened pages list before reload
2022-03-07T16:02:03.717Z - info: Current opened pages, from most-to-least recent:
2022-03-07T16:02:03.718Z - info: 1. index
2022-03-07T16:02:04.725Z - info: Rebuilding 1 pages
2022-03-07T16:02:04.761Z - info: Site data built
2022-03-07T16:02:04.762Z - info: Pages rebuilt
2022-03-07T16:02:04.762Z - info: Website regeneration complete! Total build time: 0.037s
2022-03-07T16:02:55.763Z - info: [12:02:55 am] Reload for file change: C:\Users\User\Documents\GitHub\test-md\index.md
2022-03-07T16:02:55.764Z - info: Synchronizing opened pages list before reload
2022-03-07T16:02:55.766Z - info: Current opened pages, from most-to-least recent:
2022-03-07T16:02:55.766Z - info: 1. index
2022-03-07T16:02:56.772Z - info: Rebuilding 1 pages
2022-03-07T16:02:56.823Z - info: Site data built
2022-03-07T16:02:56.823Z - info: Pages rebuilt
2022-03-07T16:02:56.824Z - info: Website regeneration complete! Total build time: 0.053s
2022-03-07T16:03:25.192Z - info: [12:03:25 am] Reload for file change: C:\Users\User\Documents\GitHub\test-md\index.md
2022-03-07T16:03:25.193Z - info: Synchronizing opened pages list before reload
2022-03-07T16:03:25.193Z - info: Current opened pages, from most-to-least recent:
2022-03-07T16:03:25.193Z - info: 1. index
2022-03-07T16:03:26.202Z - info: Rebuilding 1 pages
2022-03-07T16:03:26.238Z - info: Site data built
2022-03-07T16:03:26.238Z - info: Pages rebuilt
2022-03-07T16:03:26.239Z - info: Website regeneration complete! Total build time: 0.036s
2022-03-07T16:03:37.818Z - info: [12:03:37 am] Reload for file change: C:\Users\User\Documents\GitHub\test-md\index.md
2022-03-07T16:03:37.818Z - info: Synchronizing opened pages list before reload
2022-03-07T16:03:37.819Z - info: Current opened pages, from most-to-least recent:
2022-03-07T16:03:37.819Z - info: 1. index
2022-03-07T16:03:38.822Z - info: Rebuilding 1 pages
2022-03-07T16:03:38.854Z - info: Site data built
2022-03-07T16:03:38.855Z - info: Pages rebuilt
2022-03-07T16:03:38.855Z - info: Website regeneration complete! Total build time: 0.033s
2022-03-07T16:03:54.362Z - info: Changes detected in MarkBind Vue Source Files: 
Bundle is regenerated by webpack and built pages are re-rendered with the latest bundle.
2022-03-07T16:03:54.750Z - info: Website generation started at 12:03:54 am
2022-03-07T16:03:54.852Z - info: Building assets...
2022-03-07T16:03:55.243Z - info: Assets built
2022-03-07T16:03:55.244Z - info: Generating pages...
2022-03-07T16:03:55.537Z - info: Pages built
2022-03-07T16:03:58.007Z - info: Site data built
2022-03-07T16:03:58.008Z - info: Website generation complete! Total build time: 3.314s
2022-03-07T16:03:58.035Z - info: Serving "C:\Users\User\Documents\GitHub\test-md\_site" at http://127.0.0.1:8080
2022-03-07T16:03:58.036Z - info: Press CTRL+C to stop ...
2022-03-07T16:04:26.727Z - info: [12:04:26 am] Reload for file change: C:\Users\User\Documents\GitHub\test-md\index.md
2022-03-07T16:04:27.733Z - info: Rebuilding 1 pages
2022-03-07T16:04:27.796Z - info: Site data built
2022-03-07T16:04:27.796Z - info: Pages rebuilt
2022-03-07T16:04:27.796Z - info: Website regeneration complete! Total build time: 0.064s
2022-03-07T16:06:48.011Z - info: Changes detected in MarkBind Vue Source Files: 
Bundle is regenerated by webpack and built pages are re-rendered with the latest bundle.
2022-03-07T16:06:48.396Z - info: Website generation started at 12:06:48 am
2022-03-07T16:06:48.498Z - info: Building assets...
2022-03-07T16:06:48.858Z - info: Assets built
2022-03-07T16:06:48.858Z - info: Generating pages...
2022-03-07T16:06:49.159Z - info: Pages built
2022-03-07T16:06:51.335Z - info: Site data built
2022-03-07T16:06:51.336Z - info: Website generation complete! Total build time: 2.994s
2022-03-07T16:06:51.365Z - info: Serving "C:\Users\User\Documents\GitHub\test-md\_site" at http://127.0.0.1:8080
2022-03-07T16:06:51.365Z - info: Press CTRL+C to stop ...
2022-03-07T16:10:06.498Z - info: [12:10:06 am] Reload for file change: C:\Users\User\Documents\GitHub\test-md\index.md
2022-03-07T16:10:07.504Z - info: Rebuilding 1 pages
2022-03-07T16:10:07.551Z - info: Site data built
2022-03-07T16:10:07.551Z - info: Pages rebuilt
2022-03-07T16:10:07.551Z - info: Website regeneration complete! Total build time: 0.048s
2022-03-07T16:10:43.733Z - info: [12:10:43 am] Reload for file change: C:\Users\User\Documents\GitHub\test-md\index.md
2022-03-07T16:10:44.737Z - info: Rebuilding 1 pages
2022-03-07T16:10:44.788Z - info: Site data built
2022-03-07T16:10:44.789Z - info: Pages rebuilt
2022-03-07T16:10:44.789Z - info: Website regeneration complete! Total build time: 0.053s
2022-03-07T16:11:40.512Z - info: [12:11:40 am] Reload for file change: C:\Users\User\Documents\GitHub\test-md\index.md
2022-03-07T16:11:41.515Z - info: Rebuilding 1 pages
2022-03-07T16:11:41.547Z - info: Site data built
2022-03-07T16:11:41.548Z - info: Pages rebuilt
2022-03-07T16:11:41.548Z - info: Website regeneration complete! Total build time: 0.034s
