2022-03-12T00:56:37.876Z - info: Website generation started at 8:56:37 am
2022-03-12T00:56:38.115Z - info: Building assets...
2022-03-12T00:56:38.605Z - info: Assets built
2022-03-12T00:56:38.606Z - info: Generating pages...
2022-03-12T00:56:38.848Z - warn: You might have an invalid intra-link! Ignore this warning if it was intended.
'/test-md/node_modules/lodash/mailto:git@github.com' found in file 'C:\Users\User\Documents\GitHub\test-md\node_modules\lodash\release.md'
2022-03-12T00:56:38.967Z - info: Pages built
2022-03-12T00:56:39.146Z - info: Site data built
2022-03-12T00:56:39.146Z - info: Website generation complete! Total build time: 1.344s
2022-03-12T00:56:39.146Z - info: Build success!
2022-03-12T00:56:40.243Z - info: Website generation started at 8:56:40 am
2022-03-12T00:56:40.431Z - info: Building assets...
2022-03-12T00:56:40.911Z - info: Assets built
2022-03-12T00:56:40.912Z - info: Generating pages...
2022-03-12T00:56:41.188Z - warn: You might have an invalid intra-link! Ignore this warning if it was intended.
'/test-md/node_modules/lodash/mailto:git@github.com' found in file 'C:\Users\User\Documents\GitHub\test-md\node_modules\lodash\release.md'
2022-03-12T00:56:41.314Z - info: Pages built
2022-03-12T00:56:41.412Z - info: Site data built
2022-03-12T00:56:41.413Z - info: Website generation complete! Total build time: 1.393s
2022-03-12T00:56:41.413Z - info: Build success!
2022-03-12T00:56:42.510Z - info: Website generation started at 8:56:42 am
2022-03-12T00:56:42.700Z - info: Building assets...
2022-03-12T00:56:43.177Z - info: Assets built
2022-03-12T00:56:43.178Z - info: Generating pages...
2022-03-12T00:56:43.418Z - warn: You might have an invalid intra-link! Ignore this warning if it was intended.
'/test-md/node_modules/lodash/mailto:git@github.com' found in file 'C:\Users\User\Documents\GitHub\test-md\node_modules\lodash\release.md'
2022-03-12T00:56:43.536Z - info: Pages built
2022-03-12T00:56:43.633Z - info: Site data built
2022-03-12T00:56:43.633Z - info: Website generation complete! Total build time: 1.358s
2022-03-12T00:56:43.634Z - info: Build success!
2022-03-12T00:56:44.732Z - info: Website generation started at 8:56:44 am
2022-03-12T00:56:44.919Z - info: Building assets...
2022-03-12T00:56:45.388Z - info: Assets built
2022-03-12T00:56:45.389Z - info: Generating pages...
2022-03-12T00:56:45.623Z - warn: You might have an invalid intra-link! Ignore this warning if it was intended.
'/test-md/node_modules/lodash/mailto:git@github.com' found in file 'C:\Users\User\Documents\GitHub\test-md\node_modules\lodash\release.md'
2022-03-12T00:56:45.738Z - info: Pages built
2022-03-12T00:56:45.839Z - info: Site data built
2022-03-12T00:56:45.839Z - info: Website generation complete! Total build time: 1.337s
2022-03-12T00:56:45.839Z - info: Build success!
2022-03-12T00:56:46.972Z - info: Website generation started at 8:56:46 am
2022-03-12T00:56:47.162Z - info: Building assets...
2022-03-12T00:56:47.631Z - info: Assets built
2022-03-12T00:56:47.631Z - info: Generating pages...
2022-03-12T00:56:47.876Z - warn: You might have an invalid intra-link! Ignore this warning if it was intended.
'/test-md/node_modules/lodash/mailto:git@github.com' found in file 'C:\Users\User\Documents\GitHub\test-md\node_modules\lodash\release.md'
2022-03-12T00:56:47.990Z - info: Pages built
2022-03-12T00:56:48.106Z - info: Site data built
2022-03-12T00:56:48.106Z - info: Website generation complete! Total build time: 1.371s
2022-03-12T00:56:48.107Z - info: Build success!
2022-03-12T00:56:49.195Z - info: Website generation started at 8:56:48 am
2022-03-12T00:56:49.389Z - info: Building assets...
2022-03-12T00:56:49.862Z - info: Assets built
2022-03-12T00:56:49.863Z - info: Generating pages...
2022-03-12T00:56:50.106Z - warn: You might have an invalid intra-link! Ignore this warning if it was intended.
'/test-md/node_modules/lodash/mailto:git@github.com' found in file 'C:\Users\User\Documents\GitHub\test-md\node_modules\lodash\release.md'
2022-03-12T00:56:50.221Z - info: Pages built
2022-03-12T00:56:50.321Z - info: Site data built
2022-03-12T00:56:50.321Z - info: Website generation complete! Total build time: 1.35s
2022-03-12T00:56:50.321Z - info: Build success!
2022-03-12T00:56:51.438Z - info: Website generation started at 8:56:51 am
2022-03-12T00:56:51.629Z - info: Building assets...
2022-03-12T00:56:52.139Z - info: Assets built
2022-03-12T00:56:52.140Z - info: Generating pages...
2022-03-12T00:56:52.376Z - warn: You might have an invalid intra-link! Ignore this warning if it was intended.
'/test-md/node_modules/lodash/mailto:git@github.com' found in file 'C:\Users\User\Documents\GitHub\test-md\node_modules\lodash\release.md'
2022-03-12T00:56:52.488Z - info: Pages built
2022-03-12T00:56:52.590Z - info: Site data built
2022-03-12T00:56:52.590Z - info: Website generation complete! Total build time: 1.402s
2022-03-12T00:56:52.591Z - info: Build success!
2022-03-12T00:56:53.676Z - info: Website generation started at 8:56:53 am
2022-03-12T00:56:53.863Z - info: Building assets...
2022-03-12T00:56:54.331Z - info: Assets built
2022-03-12T00:56:54.332Z - info: Generating pages...
2022-03-12T00:56:54.566Z - warn: You might have an invalid intra-link! Ignore this warning if it was intended.
'/test-md/node_modules/lodash/mailto:git@github.com' found in file 'C:\Users\User\Documents\GitHub\test-md\node_modules\lodash\release.md'
2022-03-12T00:56:54.695Z - info: Pages built
2022-03-12T00:56:54.791Z - info: Site data built
2022-03-12T00:56:54.792Z - info: Website generation complete! Total build time: 1.335s
2022-03-12T00:56:54.792Z - info: Build success!
2022-03-12T00:56:55.893Z - info: Website generation started at 8:56:55 am
2022-03-12T00:56:56.086Z - info: Building assets...
2022-03-12T00:56:56.575Z - info: Assets built
2022-03-12T00:56:56.576Z - info: Generating pages...
2022-03-12T00:56:56.820Z - warn: You might have an invalid intra-link! Ignore this warning if it was intended.
'/test-md/node_modules/lodash/mailto:git@github.com' found in file 'C:\Users\User\Documents\GitHub\test-md\node_modules\lodash\release.md'
2022-03-12T00:56:56.938Z - info: Pages built
2022-03-12T00:56:57.033Z - info: Site data built
2022-03-12T00:56:57.034Z - info: Website generation complete! Total build time: 1.365s
2022-03-12T00:56:57.034Z - info: Build success!
2022-03-12T00:56:58.142Z - info: Website generation started at 8:56:57 am
2022-03-12T00:56:58.328Z - info: Building assets...
2022-03-12T00:56:58.821Z - info: Assets built
2022-03-12T00:56:58.821Z - info: Generating pages...
2022-03-12T00:56:59.058Z - warn: You might have an invalid intra-link! Ignore this warning if it was intended.
'/test-md/node_modules/lodash/mailto:git@github.com' found in file 'C:\Users\User\Documents\GitHub\test-md\node_modules\lodash\release.md'
2022-03-12T00:56:59.174Z - info: Pages built
2022-03-12T00:56:59.270Z - info: Site data built
2022-03-12T00:56:59.270Z - info: Website generation complete! Total build time: 1.351s
2022-03-12T00:56:59.270Z - info: Build success!
2022-03-12T00:57:00.382Z - info: Website generation started at 8:57:00 am
2022-03-12T00:57:00.570Z - info: Building assets...
2022-03-12T00:57:01.048Z - info: Assets built
2022-03-12T00:57:01.049Z - info: Generating pages...
2022-03-12T00:57:01.285Z - warn: You might have an invalid intra-link! Ignore this warning if it was intended.
'/test-md/node_modules/lodash/mailto:git@github.com' found in file 'C:\Users\User\Documents\GitHub\test-md\node_modules\lodash\release.md'
2022-03-12T00:57:01.401Z - info: Pages built
2022-03-12T00:57:01.506Z - info: Site data built
2022-03-12T00:57:01.507Z - info: Website generation complete! Total build time: 1.356s
2022-03-12T00:57:01.507Z - info: Build success!
2022-03-12T00:57:02.621Z - info: Website generation started at 8:57:02 am
2022-03-12T00:57:02.810Z - info: Building assets...
2022-03-12T00:57:03.286Z - info: Assets built
2022-03-12T00:57:03.286Z - info: Generating pages...
2022-03-12T00:57:03.522Z - warn: You might have an invalid intra-link! Ignore this warning if it was intended.
'/test-md/node_modules/lodash/mailto:git@github.com' found in file 'C:\Users\User\Documents\GitHub\test-md\node_modules\lodash\release.md'
2022-03-12T00:57:03.638Z - info: Pages built
2022-03-12T00:57:03.736Z - info: Site data built
2022-03-12T00:57:03.736Z - info: Website generation complete! Total build time: 1.334s
2022-03-12T00:57:03.736Z - info: Build success!
2022-03-12T10:54:08.883Z - info: Website generation started at 6:54:08 pm
2022-03-12T10:54:09.087Z - info: Building assets...
2022-03-12T10:54:09.600Z - info: Assets built
2022-03-12T10:54:09.601Z - info: Generating pages...
2022-03-12T10:54:09.852Z - warn: You might have an invalid intra-link! Ignore this warning if it was intended.
'/test-md/node_modules/lodash/mailto:git@github.com' found in file 'C:\Users\User\Documents\GitHub\test-md\node_modules\lodash\release.md'
2022-03-12T10:54:09.989Z - info: Pages built
2022-03-12T10:54:10.109Z - info: Site data built
2022-03-12T10:54:10.110Z - info: Website generation complete! Total build time: 1.474s
2022-03-12T10:54:10.132Z - info: Serving "C:\Users\User\Documents\GitHub\test-md\_site" at http://127.0.0.1:8080
2022-03-12T10:54:10.132Z - info: Press CTRL+C to stop ...
2022-03-12T10:54:40.234Z - info: [6:54:40 pm] Reload for file change: C:\Users\User\Documents\GitHub\test-md\site.json
2022-03-12T10:54:41.311Z - info: Pages or site config modified, updating pages...
2022-03-12T10:54:42.392Z - warn: Rebuilding all pages...
2022-03-12T10:54:42.393Z - info: Generating pages...
2022-03-12T10:54:42.568Z - warn: You might have an invalid intra-link! Ignore this warning if it was intended.
'/test-md/node_modules/lodash/mailto:git@github.com' found in file 'C:\Users\User\Documents\GitHub\test-md\node_modules\lodash\release.md'
2022-03-12T10:54:42.936Z - info: Pages built
2022-03-12T10:54:42.940Z - info: Site data built
2022-03-12T10:58:42.204Z - info: [6:58:42 pm] Reload for file change: C:\Users\User\Documents\GitHub\test-md\index.md
2022-03-12T10:58:43.208Z - info: Rebuilding 1 pages
2022-03-12T10:58:43.251Z - info: Site data built
2022-03-12T10:58:43.251Z - info: Pages rebuilt
2022-03-12T10:58:43.252Z - info: Website regeneration complete! Total build time: 0.045s
2022-03-12T10:59:05.782Z - info: [6:59:05 pm] Reload for file change: C:\Users\User\Documents\GitHub\test-md\index.md
2022-03-12T10:59:06.791Z - info: Rebuilding 1 pages
2022-03-12T10:59:06.831Z - info: Site data built
2022-03-12T10:59:06.832Z - info: Pages rebuilt
2022-03-12T10:59:06.832Z - info: Website regeneration complete! Total build time: 0.042s
2022-03-12T10:59:27.083Z - info: [6:59:27 pm] Reload for file change: C:\Users\User\Documents\GitHub\test-md\site.json
2022-03-12T10:59:28.177Z - info: Pages or site config modified, updating pages...
2022-03-12T10:59:29.226Z - warn: Rebuilding all pages...
2022-03-12T10:59:29.226Z - info: Generating pages...
2022-03-12T10:59:29.305Z - warn: You might have an invalid intra-link! Ignore this warning if it was intended.
'/test-md/node_modules/lodash/mailto:git@github.com' found in file 'C:\Users\User\Documents\GitHub\test-md\node_modules\lodash\release.md'
2022-03-12T10:59:29.528Z - info: Pages built
2022-03-12T10:59:29.530Z - info: Site data built
2022-03-12T10:59:35.148Z - info: Website generation started at 6:59:34 pm
2022-03-12T10:59:35.342Z - info: Building assets...
2022-03-12T10:59:35.823Z - info: Assets built
2022-03-12T10:59:35.824Z - info: Generating pages...
2022-03-12T10:59:36.100Z - warn: You might have an invalid intra-link! Ignore this warning if it was intended.
'/test-md/node_modules/lodash/mailto:git@github.com' found in file 'C:\Users\User\Documents\GitHub\test-md\node_modules\lodash\release.md'
2022-03-12T10:59:36.262Z - info: Pages built
2022-03-12T10:59:36.357Z - info: Site data built
2022-03-12T10:59:36.357Z - info: Website generation complete! Total build time: 1.42s
2022-03-12T10:59:36.377Z - info: Serving "C:\Users\User\Documents\GitHub\test-md\_site" at http://127.0.0.1:8080
2022-03-12T10:59:36.377Z - info: Press CTRL+C to stop ...
2022-03-12T11:00:20.424Z - info: Website generation started at 7:00:20 pm
2022-03-12T11:00:20.632Z - info: Building assets...
2022-03-12T11:00:21.111Z - info: Assets built
2022-03-12T11:00:21.112Z - info: Generating pages...
2022-03-12T11:00:21.355Z - warn: You might have an invalid intra-link! Ignore this warning if it was intended.
'/test-md/node_modules/lodash/mailto:git@github.com' found in file 'C:\Users\User\Documents\GitHub\test-md\node_modules\lodash\release.md'
2022-03-12T11:00:21.490Z - info: Pages built
2022-03-12T11:00:21.596Z - info: Site data built
2022-03-12T11:00:21.597Z - info: Website generation complete! Total build time: 1.395s
2022-03-12T11:00:21.616Z - info: Serving "C:\Users\User\Documents\GitHub\test-md\_site" at http://127.0.0.1:8080
2022-03-12T11:00:21.617Z - info: Press CTRL+C to stop ...
2022-03-12T11:00:41.767Z - info: Website generation started at 7:00:41 pm
2022-03-12T11:00:41.931Z - warn: Unable to load plugin katex, skipping
2022-03-12T11:00:41.965Z - info: Building assets...
2022-03-12T11:00:42.452Z - info: Assets built
2022-03-12T11:00:42.452Z - info: Generating pages...
2022-03-12T11:00:42.708Z - warn: You might have an invalid intra-link! Ignore this warning if it was intended.
'/test-md/node_modules/lodash/mailto:git@github.com' found in file 'C:\Users\User\Documents\GitHub\test-md\node_modules\lodash\release.md'
2022-03-12T11:00:42.853Z - info: Pages built
2022-03-12T11:00:42.952Z - info: Site data built
2022-03-12T11:00:42.952Z - info: Website generation complete! Total build time: 1.408s
2022-03-12T11:00:42.972Z - info: Serving "C:\Users\User\Documents\GitHub\test-md\_site" at http://127.0.0.1:8080
2022-03-12T11:00:42.972Z - info: Press CTRL+C to stop ...
2022-03-12T11:01:09.122Z - info: Website generation started at 7:01:08 pm
2022-03-12T11:01:09.328Z - info: Building assets...
2022-03-12T11:01:09.804Z - info: Assets built
2022-03-12T11:01:09.805Z - info: Generating pages...
2022-03-12T11:01:10.121Z - warn: You might have an invalid intra-link! Ignore this warning if it was intended.
'/test-md/node_modules/lodash/mailto:git@github.com' found in file 'C:\Users\User\Documents\GitHub\test-md\node_modules\lodash\release.md'
2022-03-12T11:01:10.282Z - info: Pages built
2022-03-12T11:01:10.373Z - info: Site data built
2022-03-12T11:01:10.374Z - info: Website generation complete! Total build time: 1.476s
2022-03-12T11:01:10.394Z - info: Serving "C:\Users\User\Documents\GitHub\test-md\_site" at http://127.0.0.1:8080
2022-03-12T11:01:10.395Z - info: Press CTRL+C to stop ...
2022-03-12T11:02:47.472Z - info: Website generation started at 7:02:47 pm
2022-03-12T11:02:47.676Z - info: Building assets...
2022-03-12T11:02:48.177Z - info: Assets built
2022-03-12T11:02:48.177Z - info: Generating pages...
2022-03-12T11:02:48.461Z - warn: You might have an invalid intra-link! Ignore this warning if it was intended.
'/test-md/node_modules/lodash/mailto:git@github.com' found in file 'C:\Users\User\Documents\GitHub\test-md\node_modules\lodash\release.md'
2022-03-12T11:02:48.629Z - info: Pages built
2022-03-12T11:02:48.723Z - info: Site data built
2022-03-12T11:02:48.723Z - info: Website generation complete! Total build time: 1.502s
2022-03-12T11:02:48.743Z - info: Serving "C:\Users\User\Documents\GitHub\test-md\_site" at http://127.0.0.1:8080
2022-03-12T11:02:48.743Z - info: Press CTRL+C to stop ...
2022-03-12T11:02:59.344Z - info: Website generation started at 7:02:59 pm
2022-03-12T11:02:59.506Z - warn: Unable to load plugin katex, skipping
2022-03-12T11:02:59.540Z - info: Building assets...
2022-03-12T11:03:00.029Z - info: Assets built
2022-03-12T11:03:00.030Z - info: Generating pages...
2022-03-12T11:03:00.299Z - warn: You might have an invalid intra-link! Ignore this warning if it was intended.
'/test-md/node_modules/lodash/mailto:git@github.com' found in file 'C:\Users\User\Documents\GitHub\test-md\node_modules\lodash\release.md'
2022-03-12T11:03:00.452Z - info: Pages built
2022-03-12T11:03:00.546Z - info: Site data built
2022-03-12T11:03:00.546Z - info: Website generation complete! Total build time: 1.432s
2022-03-12T11:03:00.565Z - info: Serving "C:\Users\User\Documents\GitHub\test-md\_site" at http://127.0.0.1:8080
2022-03-12T11:03:00.566Z - info: Press CTRL+C to stop ...
2022-03-12T11:03:37.530Z - info: Website generation started at 7:03:37 pm
2022-03-12T11:03:37.694Z - warn: Unable to load plugin katex, skipping
2022-03-12T11:03:37.729Z - info: Building assets...
2022-03-12T11:03:38.214Z - info: Assets built
2022-03-12T11:03:38.215Z - info: Generating pages...
2022-03-12T11:03:38.454Z - warn: You might have an invalid intra-link! Ignore this warning if it was intended.
'/test-md/node_modules/lodash/mailto:git@github.com' found in file 'C:\Users\User\Documents\GitHub\test-md\node_modules\lodash\release.md'
2022-03-12T11:03:38.591Z - info: Pages built
2022-03-12T11:03:38.689Z - info: Site data built
2022-03-12T11:03:38.689Z - info: Website generation complete! Total build time: 1.382s
2022-03-12T11:03:38.709Z - info: Serving "C:\Users\User\Documents\GitHub\test-md\_site" at http://127.0.0.1:8080
2022-03-12T11:03:38.709Z - info: Press CTRL+C to stop ...
2022-03-12T11:06:49.692Z - info: Website generation started at 7:06:49 pm
2022-03-12T11:06:49.889Z - info: Building assets...
2022-03-12T11:06:50.380Z - info: Assets built
2022-03-12T11:06:50.381Z - info: Generating pages...
2022-03-12T11:06:50.626Z - warn: You might have an invalid intra-link! Ignore this warning if it was intended.
'/test-md/node_modules/lodash/mailto:git@github.com' found in file 'C:\Users\User\Documents\GitHub\test-md\node_modules\lodash\release.md'
2022-03-12T11:06:50.774Z - info: Pages built
2022-03-12T11:06:50.871Z - info: Site data built
2022-03-12T11:06:50.871Z - info: Website generation complete! Total build time: 1.412s
2022-03-12T11:06:50.892Z - info: Serving "C:\Users\User\Documents\GitHub\test-md\_site" at http://127.0.0.1:8080
2022-03-12T11:06:50.892Z - info: Press CTRL+C to stop ...
2022-03-12T14:55:40.027Z - info: Website generation started at 10:55:39 pm
2022-03-12T14:55:40.239Z - info: Building assets...
2022-03-12T14:55:40.775Z - info: Assets built
2022-03-12T14:55:40.776Z - info: Generating pages...
2022-03-12T14:55:41.019Z - warn: You might have an invalid intra-link! Ignore this warning if it was intended.
'/test-md/node_modules/lodash/mailto:git@github.com' found in file 'C:\Users\User\Documents\GitHub\test-md\node_modules\lodash\release.md'
2022-03-12T14:55:41.156Z - info: Pages built
2022-03-12T14:55:41.260Z - info: Site data built
2022-03-12T14:55:41.260Z - info: Website generation complete! Total build time: 1.49s
2022-03-12T14:55:41.279Z - info: Serving "C:\Users\User\Documents\GitHub\test-md\_site" at http://127.0.0.1:8080
2022-03-12T14:55:41.280Z - info: Press CTRL+C to stop ...
2022-03-12T14:56:32.012Z - info: [10:56:32 pm] Reload for file change: C:\Users\User\Documents\GitHub\test-md\index.md
2022-03-12T14:56:33.030Z - info: Rebuilding 1 pages
2022-03-12T14:56:33.095Z - info: Site data built
2022-03-12T14:56:33.096Z - info: Pages rebuilt
2022-03-12T14:56:33.096Z - info: Website regeneration complete! Total build time: 0.068s
2022-03-12T14:56:37.510Z - info: [10:56:37 pm] Reload for file change: C:\Users\User\Documents\GitHub\test-md\index.md
2022-03-12T14:56:38.525Z - info: Rebuilding 1 pages
2022-03-12T14:56:38.601Z - info: Site data built
2022-03-12T14:56:38.602Z - info: Pages rebuilt
2022-03-12T14:56:38.602Z - info: Website regeneration complete! Total build time: 0.078s
