2022-03-14T08:03:52.401Z - info: Website generation started at 4:03:51 pm
2022-03-14T08:03:52.876Z - info: Building assets...
2022-03-14T08:03:53.576Z - info: Assets built
2022-03-14T08:03:53.579Z - info: Generating pages...
2022-03-14T08:03:54.087Z - warn: You might have an invalid intra-link! Ignore this warning if it was intended.
'/test-md/node_modules/lodash/mailto:git@github.com' found in file 'C:\Users\User\Documents\GitHub\test-md\node_modules\lodash\release.md'
2022-03-14T08:03:54.338Z - info: Pages built
2022-03-14T08:03:54.695Z - info: Site data built
2022-03-14T08:03:54.697Z - info: Website generation complete! Total build time: 2.901s
2022-03-14T08:03:54.736Z - info: Serving "C:\Users\User\Documents\GitHub\test-md\_site" at http://127.0.0.1:8080
2022-03-14T08:03:54.737Z - info: Press CTRL+C to stop ...
2022-03-14T08:04:08.118Z - info: Changes detected in MarkBind Vue Source Files: 
Bundle is regenerated by webpack and built pages are re-rendered with the latest bundle.
2022-03-14T08:04:08.740Z - info: Website generation started at 4:04:08 pm
2022-03-14T08:04:08.989Z - info: Building assets...
2022-03-14T08:04:09.897Z - info: Assets built
2022-03-14T08:04:09.898Z - info: Generating pages...
2022-03-14T08:04:10.242Z - warn: You might have an invalid intra-link! Ignore this warning if it was intended.
'/test-md/node_modules/lodash/mailto:git@github.com' found in file 'C:\Users\User\Documents\GitHub\test-md\node_modules\lodash\release.md'
2022-03-14T08:04:10.594Z - info: Pages built
2022-03-14T08:04:13.601Z - info: Site data built
2022-03-14T08:04:13.602Z - info: Website generation complete! Total build time: 5.085s
2022-03-14T08:04:13.625Z - info: Serving "C:\Users\User\Documents\GitHub\test-md\_site" at http://127.0.0.1:8080
2022-03-14T08:04:13.625Z - info: Press CTRL+C to stop ...
